<?xml version="1.0" encoding="UTF-8"?>
<!-- Generated by org.testng.reporters.JUnitXMLReporter -->
<testsuite hostname="Suraj-9693" name="Default test" tests="5" failures="0" timestamp="29 Mar 2018 22:32:52 GMT" time="69.418" errors="0">
  <testcase name="vtigerTest" time="4.887" classname="com.qa.Finaltest.VtigerGeneric"/>
  <testcase name="vtigerTest" time="3.493" classname="com.qa.Finaltest.VtigerGeneric"/>
  <testcase name="vtigerTest" time="3.407" classname="com.qa.Finaltest.VtigerGeneric"/>
  <testcase name="vtigerTest" time="3.497" classname="com.qa.Finaltest.VtigerGeneric"/>
  <testcase name="vtigerTest" time="26.336" classname="com.qa.Finaltest.VtigerGeneric"/>
</testsuite> <!-- Default test -->
