<?xml version="1.0" encoding="UTF-8"?>
<!-- Generated by org.testng.reporters.JUnitXMLReporter -->
<testsuite hostname="Suraj-9693" name="Test" tests="4" failures="0" timestamp="29 Mar 2018 20:56:40 GMT" time="177.896" errors="0">
  <testcase name="ATest" time="0.027" classname="com.qa.Finaltest.Test1"/>
  <testcase name="BTest" time="0.006" classname="com.qa.Finaltest.Test1"/>
  <testcase name="CTest" time="0.004" classname="com.qa.Finaltest.Test2"/>
  <testcase name="DTest" time="0.004" classname="com.qa.Finaltest.Test2"/>
</testsuite> <!-- Test -->
