<?xml version="1.0" encoding="UTF-8"?>
<!-- Generated by org.testng.reporters.JUnitXMLReporter -->
<testsuite hostname="Suraj-9693" name="Test" tests="9" failures="0" timestamp="3 Apr 2018 17:51:02 GMT" time="173.394" errors="0">
  <testcase name="ATest" time="0.003" classname="com.qa.Finaltest.Test1"/>
  <testcase name="BTest" time="0.001" classname="com.qa.Finaltest.Test1"/>
  <testcase name="vtigerTest" time="12.84" classname="com.qa.Finaltest.VtigerGeneric"/>
  <testcase name="vtigerTest" time="3.587" classname="com.qa.Finaltest.VtigerGeneric"/>
  <testcase name="vtigerTest" time="3.616" classname="com.qa.Finaltest.VtigerGeneric"/>
  <testcase name="vtigerTest" time="3.46" classname="com.qa.Finaltest.VtigerGeneric"/>
  <testcase name="vtigerTest" time="38.776" classname="com.qa.Finaltest.VtigerGeneric"/>
  <testcase name="CTest" time="0.001" classname="com.qa.Finaltest.Test2"/>
  <testcase name="DTest" time="0.0" classname="com.qa.Finaltest.Test2"/>
</testsuite> <!-- Test -->
