<?xml version="1.0" encoding="UTF-8"?>
<!-- Generated by org.testng.reporters.JUnitXMLReporter -->
<testsuite hostname="Suraj-9693" name="Test" tests="9" failures="0" timestamp="3 Apr 2018 21:05:24 GMT" time="206.924" errors="0">
  <testcase name="ATest" time="0.002" classname="com.qa.Finaltest.Test1"/>
  <testcase name="BTest" time="0.0" classname="com.qa.Finaltest.Test1"/>
  <testcase name="vtigerTest" time="17.168" classname="com.qa.Finaltest.VtigerGeneric"/>
  <testcase name="vtigerTest" time="4.055" classname="com.qa.Finaltest.VtigerGeneric"/>
  <testcase name="vtigerTest" time="5.476" classname="com.qa.Finaltest.VtigerGeneric"/>
  <testcase name="vtigerTest" time="3.76" classname="com.qa.Finaltest.VtigerGeneric"/>
  <testcase name="vtigerTest" time="38.286" classname="com.qa.Finaltest.VtigerGeneric"/>
  <testcase name="CTest" time="0.0" classname="com.qa.Finaltest.Test2"/>
  <testcase name="DTest" time="0.001" classname="com.qa.Finaltest.Test2"/>
</testsuite> <!-- Test -->
