<?xml version="1.0" encoding="UTF-8"?>
<testng-results skipped="0" failed="0" total="9" passed="9">
  <reporter-output>
  </reporter-output>
  <suite name="Suite" duration-ms="206924" started-at="2018-04-03T21:01:56Z" finished-at="2018-04-03T21:05:23Z">
    <groups>
    </groups>
    <test name="Test" duration-ms="206924" started-at="2018-04-03T21:01:56Z" finished-at="2018-04-03T21:05:23Z">
      <class name="com.qa.Finaltest.VtigerGeneric">
        <test-method status="PASS" signature="configBC()[pri:0, instance:com.qa.Finaltest.VtigerGeneric@4bb4de6a]" name="configBC" is-config="true" duration-ms="15724" started-at="2018-04-04T02:33:24Z" finished-at="2018-04-04T02:33:40Z">
          <reporter-output>
          </reporter-output>
        </test-method> <!-- configBC -->
        <test-method status="PASS" signature="configBM()[pri:0, instance:com.qa.Finaltest.VtigerGeneric@4bb4de6a]" name="configBM" is-config="true" duration-ms="1828" started-at="2018-04-04T02:33:46Z" finished-at="2018-04-04T02:33:48Z">
          <reporter-output>
          </reporter-output>
        </test-method> <!-- configBM -->
        <test-method status="PASS" signature="configBM(java.lang.reflect.Method)[pri:0, instance:com.qa.Finaltest.VtigerGeneric@4bb4de6a]" name="configBM" is-config="true" duration-ms="1" started-at="2018-04-04T02:33:48Z" finished-at="2018-04-04T02:33:48Z">
          <params>
            <param index="0">
              <value>
                <![CDATA[public void com.qa.Finaltest.VtigerGeneric.vtigerTest(java.lang.String,java.lang.String)]]>
              </value>
            </param>
          </params>
          <reporter-output>
          </reporter-output>
        </test-method> <!-- configBM -->
        <test-method status="PASS" signature="vtigerTest(java.lang.String, java.lang.String)[pri:0, instance:com.qa.Finaltest.VtigerGeneric@4bb4de6a]" name="vtigerTest" duration-ms="17168" started-at="2018-04-04T02:33:48Z" data-provider="getData" finished-at="2018-04-04T02:34:05Z">
          <params>
            <param index="0">
              <value>
                <![CDATA[aa]]>
              </value>
            </param>
            <param index="1">
              <value>
                <![CDATA[aa]]>
              </value>
            </param>
          </params>
          <reporter-output>
          </reporter-output>
        </test-method> <!-- vtigerTest -->
        <test-method status="PASS" signature="configAM(org.testng.ITestResult)[pri:0, instance:com.qa.Finaltest.VtigerGeneric@4bb4de6a]" name="configAM" is-config="true" duration-ms="1" started-at="2018-04-04T02:34:05Z" finished-at="2018-04-04T02:34:05Z">
          <params>
            <param index="0">
              <value>
                <![CDATA[[TestResult name=vtigerTest status=SUCCESS method=VtigerGeneric.vtigerTest(java.lang.String, java.lang.String)[pri:0, instance:com.qa.Finaltest.VtigerGeneric@4bb4de6a] output={null}]]]>
              </value>
            </param>
          </params>
          <reporter-output>
          </reporter-output>
        </test-method> <!-- configAM -->
        <test-method status="PASS" signature="configBM()[pri:0, instance:com.qa.Finaltest.VtigerGeneric@4bb4de6a]" name="configBM" is-config="true" duration-ms="1585" started-at="2018-04-04T02:34:05Z" finished-at="2018-04-04T02:34:07Z">
          <reporter-output>
          </reporter-output>
        </test-method> <!-- configBM -->
        <test-method status="PASS" signature="configBM(java.lang.reflect.Method)[pri:0, instance:com.qa.Finaltest.VtigerGeneric@4bb4de6a]" name="configBM" is-config="true" duration-ms="1" started-at="2018-04-04T02:34:07Z" finished-at="2018-04-04T02:34:07Z">
          <params>
            <param index="0">
              <value>
                <![CDATA[public void com.qa.Finaltest.VtigerGeneric.vtigerTest(java.lang.String,java.lang.String)]]>
              </value>
            </param>
          </params>
          <reporter-output>
          </reporter-output>
        </test-method> <!-- configBM -->
        <test-method status="PASS" signature="vtigerTest(java.lang.String, java.lang.String)[pri:0, instance:com.qa.Finaltest.VtigerGeneric@4bb4de6a]" name="vtigerTest" duration-ms="4055" started-at="2018-04-04T02:34:07Z" data-provider="getData" finished-at="2018-04-04T02:34:11Z">
          <params>
            <param index="0">
              <value>
                <![CDATA[bb]]>
              </value>
            </param>
            <param index="1">
              <value>
                <![CDATA[bb]]>
              </value>
            </param>
          </params>
          <reporter-output>
          </reporter-output>
        </test-method> <!-- vtigerTest -->
        <test-method status="PASS" signature="configAM(org.testng.ITestResult)[pri:0, instance:com.qa.Finaltest.VtigerGeneric@4bb4de6a]" name="configAM" is-config="true" duration-ms="0" started-at="2018-04-04T02:34:11Z" finished-at="2018-04-04T02:34:11Z">
          <params>
            <param index="0">
              <value>
                <![CDATA[[TestResult name=vtigerTest status=SUCCESS method=VtigerGeneric.vtigerTest(java.lang.String, java.lang.String)[pri:0, instance:com.qa.Finaltest.VtigerGeneric@4bb4de6a] output={null}]]]>
              </value>
            </param>
          </params>
          <reporter-output>
          </reporter-output>
        </test-method> <!-- configAM -->
        <test-method status="PASS" signature="configBM()[pri:0, instance:com.qa.Finaltest.VtigerGeneric@4bb4de6a]" name="configBM" is-config="true" duration-ms="1959" started-at="2018-04-04T02:34:11Z" finished-at="2018-04-04T02:34:13Z">
          <reporter-output>
          </reporter-output>
        </test-method> <!-- configBM -->
        <test-method status="PASS" signature="configBM(java.lang.reflect.Method)[pri:0, instance:com.qa.Finaltest.VtigerGeneric@4bb4de6a]" name="configBM" is-config="true" duration-ms="1" started-at="2018-04-04T02:34:13Z" finished-at="2018-04-04T02:34:13Z">
          <params>
            <param index="0">
              <value>
                <![CDATA[public void com.qa.Finaltest.VtigerGeneric.vtigerTest(java.lang.String,java.lang.String)]]>
              </value>
            </param>
          </params>
          <reporter-output>
          </reporter-output>
        </test-method> <!-- configBM -->
        <test-method status="PASS" signature="vtigerTest(java.lang.String, java.lang.String)[pri:0, instance:com.qa.Finaltest.VtigerGeneric@4bb4de6a]" name="vtigerTest" duration-ms="5476" started-at="2018-04-04T02:34:13Z" data-provider="getData" finished-at="2018-04-04T02:34:18Z">
          <params>
            <param index="0">
              <value>
                <![CDATA[cc]]>
              </value>
            </param>
            <param index="1">
              <value>
                <![CDATA[cc]]>
              </value>
            </param>
          </params>
          <reporter-output>
          </reporter-output>
        </test-method> <!-- vtigerTest -->
        <test-method status="PASS" signature="configBM()[pri:0, instance:com.qa.Finaltest.VtigerGeneric@4bb4de6a]" name="configBM" is-config="true" duration-ms="1292" started-at="2018-04-04T02:34:18Z" finished-at="2018-04-04T02:34:19Z">
          <reporter-output>
          </reporter-output>
        </test-method> <!-- configBM -->
        <test-method status="PASS" signature="configAM(org.testng.ITestResult)[pri:0, instance:com.qa.Finaltest.VtigerGeneric@4bb4de6a]" name="configAM" is-config="true" duration-ms="0" started-at="2018-04-04T02:34:18Z" finished-at="2018-04-04T02:34:18Z">
          <params>
            <param index="0">
              <value>
                <![CDATA[[TestResult name=vtigerTest status=SUCCESS method=VtigerGeneric.vtigerTest(java.lang.String, java.lang.String)[pri:0, instance:com.qa.Finaltest.VtigerGeneric@4bb4de6a] output={null}]]]>
              </value>
            </param>
          </params>
          <reporter-output>
          </reporter-output>
        </test-method> <!-- configAM -->
        <test-method status="PASS" signature="vtigerTest(java.lang.String, java.lang.String)[pri:0, instance:com.qa.Finaltest.VtigerGeneric@4bb4de6a]" name="vtigerTest" duration-ms="3760" started-at="2018-04-04T02:34:19Z" data-provider="getData" finished-at="2018-04-04T02:34:23Z">
          <params>
            <param index="0">
              <value>
                <![CDATA[dd]]>
              </value>
            </param>
            <param index="1">
              <value>
                <![CDATA[dd]]>
              </value>
            </param>
          </params>
          <reporter-output>
          </reporter-output>
        </test-method> <!-- vtigerTest -->
        <test-method status="PASS" signature="configBM(java.lang.reflect.Method)[pri:0, instance:com.qa.Finaltest.VtigerGeneric@4bb4de6a]" name="configBM" is-config="true" duration-ms="0" started-at="2018-04-04T02:34:19Z" finished-at="2018-04-04T02:34:19Z">
          <params>
            <param index="0">
              <value>
                <![CDATA[public void com.qa.Finaltest.VtigerGeneric.vtigerTest(java.lang.String,java.lang.String)]]>
              </value>
            </param>
          </params>
          <reporter-output>
          </reporter-output>
        </test-method> <!-- configBM -->
        <test-method status="PASS" signature="configAM(org.testng.ITestResult)[pri:0, instance:com.qa.Finaltest.VtigerGeneric@4bb4de6a]" name="configAM" is-config="true" duration-ms="0" started-at="2018-04-04T02:34:23Z" finished-at="2018-04-04T02:34:23Z">
          <params>
            <param index="0">
              <value>
                <![CDATA[[TestResult name=vtigerTest status=SUCCESS method=VtigerGeneric.vtigerTest(java.lang.String, java.lang.String)[pri:0, instance:com.qa.Finaltest.VtigerGeneric@4bb4de6a] output={null}]]]>
              </value>
            </param>
          </params>
          <reporter-output>
          </reporter-output>
        </test-method> <!-- configAM -->
        <test-method status="PASS" signature="configBM()[pri:0, instance:com.qa.Finaltest.VtigerGeneric@4bb4de6a]" name="configBM" is-config="true" duration-ms="1666" started-at="2018-04-04T02:34:23Z" finished-at="2018-04-04T02:34:25Z">
          <reporter-output>
          </reporter-output>
        </test-method> <!-- configBM -->
        <test-method status="PASS" signature="configBM(java.lang.reflect.Method)[pri:0, instance:com.qa.Finaltest.VtigerGeneric@4bb4de6a]" name="configBM" is-config="true" duration-ms="0" started-at="2018-04-04T02:34:25Z" finished-at="2018-04-04T02:34:25Z">
          <params>
            <param index="0">
              <value>
                <![CDATA[public void com.qa.Finaltest.VtigerGeneric.vtigerTest(java.lang.String,java.lang.String)]]>
              </value>
            </param>
          </params>
          <reporter-output>
          </reporter-output>
        </test-method> <!-- configBM -->
        <test-method status="PASS" signature="vtigerTest(java.lang.String, java.lang.String)[pri:0, instance:com.qa.Finaltest.VtigerGeneric@4bb4de6a]" name="vtigerTest" duration-ms="38286" started-at="2018-04-04T02:34:25Z" data-provider="getData" finished-at="2018-04-04T02:35:03Z">
          <params>
            <param index="0">
              <value>
                <![CDATA[admin]]>
              </value>
            </param>
            <param index="1">
              <value>
                <![CDATA[manager]]>
              </value>
            </param>
          </params>
          <reporter-output>
          </reporter-output>
        </test-method> <!-- vtigerTest -->
        <test-method status="PASS" signature="configAM(org.testng.ITestResult)[pri:0, instance:com.qa.Finaltest.VtigerGeneric@4bb4de6a]" name="configAM" is-config="true" duration-ms="0" started-at="2018-04-04T02:35:03Z" finished-at="2018-04-04T02:35:03Z">
          <params>
            <param index="0">
              <value>
                <![CDATA[[TestResult name=vtigerTest status=SUCCESS method=VtigerGeneric.vtigerTest(java.lang.String, java.lang.String)[pri:0, instance:com.qa.Finaltest.VtigerGeneric@4bb4de6a] output={null}]]]>
              </value>
            </param>
          </params>
          <reporter-output>
          </reporter-output>
        </test-method> <!-- configAM -->
        <test-method status="PASS" signature="configAC()[pri:0, instance:com.qa.Finaltest.VtigerGeneric@4bb4de6a]" name="configAC" is-config="true" duration-ms="49" started-at="2018-04-04T02:35:03Z" finished-at="2018-04-04T02:35:03Z">
          <reporter-output>
          </reporter-output>
        </test-method> <!-- configAC -->
        <test-method status="PASS" signature="endTest()[pri:0, instance:com.qa.Finaltest.VtigerGeneric@4bb4de6a]" name="endTest" is-config="true" duration-ms="217" started-at="2018-04-04T02:35:03Z" finished-at="2018-04-04T02:35:03Z">
          <reporter-output>
          </reporter-output>
        </test-method> <!-- endTest -->
      </class> <!-- com.qa.Finaltest.VtigerGeneric -->
      <class name="com.qa.Finaltest.Test2">
        <test-method status="PASS" signature="configBC()[pri:0, instance:com.qa.Finaltest.Test2@7ba18f1b]" name="configBC" is-config="true" duration-ms="14160" started-at="2018-04-04T02:35:03Z" finished-at="2018-04-04T02:35:18Z">
          <reporter-output>
          </reporter-output>
        </test-method> <!-- configBC -->
        <test-method status="PASS" signature="configBM()[pri:0, instance:com.qa.Finaltest.Test2@7ba18f1b]" name="configBM" is-config="true" duration-ms="2939" started-at="2018-04-04T02:35:18Z" finished-at="2018-04-04T02:35:21Z">
          <reporter-output>
          </reporter-output>
        </test-method> <!-- configBM -->
        <test-method status="PASS" signature="configBM(java.lang.reflect.Method)[pri:0, instance:com.qa.Finaltest.Test2@7ba18f1b]" name="configBM" is-config="true" duration-ms="1" started-at="2018-04-04T02:35:21Z" finished-at="2018-04-04T02:35:21Z">
          <params>
            <param index="0">
              <value>
                <![CDATA[public void com.qa.Finaltest.Test2.CTest()]]>
              </value>
            </param>
          </params>
          <reporter-output>
          </reporter-output>
        </test-method> <!-- configBM -->
        <test-method status="PASS" signature="configAM(org.testng.ITestResult)[pri:0, instance:com.qa.Finaltest.Test2@7ba18f1b]" name="configAM" is-config="true" duration-ms="1" started-at="2018-04-04T02:35:21Z" finished-at="2018-04-04T02:35:21Z">
          <params>
            <param index="0">
              <value>
                <![CDATA[[TestResult name=CTest status=SUCCESS method=Test2.CTest()[pri:0, instance:com.qa.Finaltest.Test2@7ba18f1b] output={null}]]]>
              </value>
            </param>
          </params>
          <reporter-output>
          </reporter-output>
        </test-method> <!-- configAM -->
        <test-method status="PASS" signature="CTest()[pri:0, instance:com.qa.Finaltest.Test2@7ba18f1b]" name="CTest" duration-ms="0" started-at="2018-04-04T02:35:21Z" finished-at="2018-04-04T02:35:21Z">
          <reporter-output>
          </reporter-output>
        </test-method> <!-- CTest -->
        <test-method status="PASS" signature="configBM()[pri:0, instance:com.qa.Finaltest.Test2@7ba18f1b]" name="configBM" is-config="true" duration-ms="1834" started-at="2018-04-04T02:35:21Z" finished-at="2018-04-04T02:35:22Z">
          <reporter-output>
          </reporter-output>
        </test-method> <!-- configBM -->
        <test-method status="PASS" signature="DTest()[pri:0, instance:com.qa.Finaltest.Test2@7ba18f1b]" name="DTest" duration-ms="1" started-at="2018-04-04T02:35:22Z" finished-at="2018-04-04T02:35:22Z">
          <reporter-output>
          </reporter-output>
        </test-method> <!-- DTest -->
        <test-method status="PASS" signature="configBM(java.lang.reflect.Method)[pri:0, instance:com.qa.Finaltest.Test2@7ba18f1b]" name="configBM" is-config="true" duration-ms="0" started-at="2018-04-04T02:35:22Z" finished-at="2018-04-04T02:35:22Z">
          <params>
            <param index="0">
              <value>
                <![CDATA[public void com.qa.Finaltest.Test2.DTest()]]>
              </value>
            </param>
          </params>
          <reporter-output>
          </reporter-output>
        </test-method> <!-- configBM -->
        <test-method status="PASS" signature="configAM(org.testng.ITestResult)[pri:0, instance:com.qa.Finaltest.Test2@7ba18f1b]" name="configAM" is-config="true" duration-ms="0" started-at="2018-04-04T02:35:22Z" finished-at="2018-04-04T02:35:22Z">
          <params>
            <param index="0">
              <value>
                <![CDATA[[TestResult name=DTest status=SUCCESS method=Test2.DTest()[pri:0, instance:com.qa.Finaltest.Test2@7ba18f1b] output={null}]]]>
              </value>
            </param>
          </params>
          <reporter-output>
          </reporter-output>
        </test-method> <!-- configAM -->
        <test-method status="PASS" signature="configAC()[pri:0, instance:com.qa.Finaltest.Test2@7ba18f1b]" name="configAC" is-config="true" duration-ms="243" started-at="2018-04-04T02:35:22Z" finished-at="2018-04-04T02:35:23Z">
          <reporter-output>
          </reporter-output>
        </test-method> <!-- configAC -->
        <test-method status="PASS" signature="endTest()[pri:0, instance:com.qa.Finaltest.Test2@7ba18f1b]" name="endTest" is-config="true" duration-ms="208" started-at="2018-04-04T02:35:23Z" finished-at="2018-04-04T02:35:23Z">
          <reporter-output>
          </reporter-output>
        </test-method> <!-- endTest -->
      </class> <!-- com.qa.Finaltest.Test2 -->
      <class name="com.qa.Finaltest.Test1">
        <test-method status="PASS" signature="configBC()[pri:0, instance:com.qa.Finaltest.Test1@134593bf]" name="configBC" is-config="true" duration-ms="40452" started-at="2018-04-04T02:31:56Z" finished-at="2018-04-04T02:32:36Z">
          <reporter-output>
          </reporter-output>
        </test-method> <!-- configBC -->
        <test-method status="PASS" signature="configBM()[pri:0, instance:com.qa.Finaltest.Test1@134593bf]" name="configBM" is-config="true" duration-ms="44540" started-at="2018-04-04T02:32:36Z" finished-at="2018-04-04T02:33:21Z">
          <reporter-output>
          </reporter-output>
        </test-method> <!-- configBM -->
        <test-method status="PASS" signature="configBM(java.lang.reflect.Method)[pri:0, instance:com.qa.Finaltest.Test1@134593bf]" name="configBM" is-config="true" duration-ms="11" started-at="2018-04-04T02:33:21Z" finished-at="2018-04-04T02:33:21Z">
          <params>
            <param index="0">
              <value>
                <![CDATA[public void com.qa.Finaltest.Test1.ATest()]]>
              </value>
            </param>
          </params>
          <reporter-output>
          </reporter-output>
        </test-method> <!-- configBM -->
        <test-method status="PASS" signature="ATest()[pri:0, instance:com.qa.Finaltest.Test1@134593bf]" name="ATest" duration-ms="2" started-at="2018-04-04T02:33:21Z" finished-at="2018-04-04T02:33:21Z">
          <reporter-output>
          </reporter-output>
        </test-method> <!-- ATest -->
        <test-method status="PASS" signature="configAM(org.testng.ITestResult)[pri:0, instance:com.qa.Finaltest.Test1@134593bf]" name="configAM" is-config="true" duration-ms="1" started-at="2018-04-04T02:33:21Z" finished-at="2018-04-04T02:33:21Z">
          <params>
            <param index="0">
              <value>
                <![CDATA[[TestResult name=ATest status=SUCCESS method=Test1.ATest()[pri:0, instance:com.qa.Finaltest.Test1@134593bf] output={null}]]]>
              </value>
            </param>
          </params>
          <reporter-output>
          </reporter-output>
        </test-method> <!-- configAM -->
        <test-method status="PASS" signature="configBM()[pri:0, instance:com.qa.Finaltest.Test1@134593bf]" name="configBM" is-config="true" duration-ms="2004" started-at="2018-04-04T02:33:21Z" finished-at="2018-04-04T02:33:23Z">
          <reporter-output>
          </reporter-output>
        </test-method> <!-- configBM -->
        <test-method status="PASS" signature="configBM(java.lang.reflect.Method)[pri:0, instance:com.qa.Finaltest.Test1@134593bf]" name="configBM" is-config="true" duration-ms="1" started-at="2018-04-04T02:33:23Z" finished-at="2018-04-04T02:33:23Z">
          <params>
            <param index="0">
              <value>
                <![CDATA[public void com.qa.Finaltest.Test1.BTest()]]>
              </value>
            </param>
          </params>
          <reporter-output>
          </reporter-output>
        </test-method> <!-- configBM -->
        <test-method status="PASS" signature="BTest()[pri:0, instance:com.qa.Finaltest.Test1@134593bf]" name="BTest" duration-ms="0" started-at="2018-04-04T02:33:23Z" finished-at="2018-04-04T02:33:23Z">
          <reporter-output>
          </reporter-output>
        </test-method> <!-- BTest -->
        <test-method status="PASS" signature="configAM(org.testng.ITestResult)[pri:0, instance:com.qa.Finaltest.Test1@134593bf]" name="configAM" is-config="true" duration-ms="0" started-at="2018-04-04T02:33:23Z" finished-at="2018-04-04T02:33:23Z">
          <params>
            <param index="0">
              <value>
                <![CDATA[[TestResult name=BTest status=SUCCESS method=Test1.BTest()[pri:0, instance:com.qa.Finaltest.Test1@134593bf] output={null}]]]>
              </value>
            </param>
          </params>
          <reporter-output>
          </reporter-output>
        </test-method> <!-- configAM -->
        <test-method status="PASS" signature="configAC()[pri:0, instance:com.qa.Finaltest.Test1@134593bf]" name="configAC" is-config="true" duration-ms="51" started-at="2018-04-04T02:33:23Z" finished-at="2018-04-04T02:33:23Z">
          <reporter-output>
          </reporter-output>
        </test-method> <!-- configAC -->
        <test-method status="PASS" signature="endTest()[pri:0, instance:com.qa.Finaltest.Test1@134593bf]" name="endTest" is-config="true" duration-ms="1393" started-at="2018-04-04T02:33:23Z" finished-at="2018-04-04T02:33:24Z">
          <reporter-output>
          </reporter-output>
        </test-method> <!-- endTest -->
      </class> <!-- com.qa.Finaltest.Test1 -->
    </test> <!-- Test -->
  </suite> <!-- Suite -->
</testng-results>
