<?xml version="1.0" encoding="UTF-8"?>
<testng-results skipped="0" failed="0" total="9" passed="9">
  <reporter-output>
  </reporter-output>
  <suite name="Suite" duration-ms="173394" started-at="2018-04-03T17:48:09Z" finished-at="2018-04-03T17:51:02Z">
    <groups>
    </groups>
    <test name="Test" duration-ms="173394" started-at="2018-04-03T17:48:09Z" finished-at="2018-04-03T17:51:02Z">
      <class name="com.qa.Finaltest.VtigerGeneric">
        <test-method status="PASS" signature="configBC()[pri:0, instance:com.qa.Finaltest.VtigerGeneric@4bb4de6a]" name="configBC" is-config="true" duration-ms="12981" started-at="2018-04-03T23:19:15Z" finished-at="2018-04-03T23:19:28Z">
          <reporter-output>
          </reporter-output>
        </test-method> <!-- configBC -->
        <test-method status="PASS" signature="configBM()[pri:0, instance:com.qa.Finaltest.VtigerGeneric@4bb4de6a]" name="configBM" is-config="true" duration-ms="1766" started-at="2018-04-03T23:19:33Z" finished-at="2018-04-03T23:19:35Z">
          <reporter-output>
          </reporter-output>
        </test-method> <!-- configBM -->
        <test-method status="PASS" signature="configBM(java.lang.reflect.Method)[pri:0, instance:com.qa.Finaltest.VtigerGeneric@4bb4de6a]" name="configBM" is-config="true" duration-ms="1" started-at="2018-04-03T23:19:35Z" finished-at="2018-04-03T23:19:35Z">
          <params>
            <param index="0">
              <value>
                <![CDATA[public void com.qa.Finaltest.VtigerGeneric.vtigerTest(java.lang.String,java.lang.String)]]>
              </value>
            </param>
          </params>
          <reporter-output>
          </reporter-output>
        </test-method> <!-- configBM -->
        <test-method status="PASS" signature="vtigerTest(java.lang.String, java.lang.String)[pri:0, instance:com.qa.Finaltest.VtigerGeneric@4bb4de6a]" name="vtigerTest" duration-ms="12840" started-at="2018-04-03T23:19:35Z" data-provider="getData" finished-at="2018-04-03T23:19:48Z">
          <params>
            <param index="0">
              <value>
                <![CDATA[aa]]>
              </value>
            </param>
            <param index="1">
              <value>
                <![CDATA[aa]]>
              </value>
            </param>
          </params>
          <reporter-output>
          </reporter-output>
        </test-method> <!-- vtigerTest -->
        <test-method status="PASS" signature="configAM(org.testng.ITestResult)[pri:0, instance:com.qa.Finaltest.VtigerGeneric@4bb4de6a]" name="configAM" is-config="true" duration-ms="1" started-at="2018-04-03T23:19:48Z" finished-at="2018-04-03T23:19:48Z">
          <params>
            <param index="0">
              <value>
                <![CDATA[[TestResult name=vtigerTest status=SUCCESS method=VtigerGeneric.vtigerTest(java.lang.String, java.lang.String)[pri:0, instance:com.qa.Finaltest.VtigerGeneric@4bb4de6a] output={null}]]]>
              </value>
            </param>
          </params>
          <reporter-output>
          </reporter-output>
        </test-method> <!-- configAM -->
        <test-method status="PASS" signature="configBM()[pri:0, instance:com.qa.Finaltest.VtigerGeneric@4bb4de6a]" name="configBM" is-config="true" duration-ms="1477" started-at="2018-04-03T23:19:48Z" finished-at="2018-04-03T23:19:49Z">
          <reporter-output>
          </reporter-output>
        </test-method> <!-- configBM -->
        <test-method status="PASS" signature="configBM(java.lang.reflect.Method)[pri:0, instance:com.qa.Finaltest.VtigerGeneric@4bb4de6a]" name="configBM" is-config="true" duration-ms="1" started-at="2018-04-03T23:19:49Z" finished-at="2018-04-03T23:19:49Z">
          <params>
            <param index="0">
              <value>
                <![CDATA[public void com.qa.Finaltest.VtigerGeneric.vtigerTest(java.lang.String,java.lang.String)]]>
              </value>
            </param>
          </params>
          <reporter-output>
          </reporter-output>
        </test-method> <!-- configBM -->
        <test-method status="PASS" signature="vtigerTest(java.lang.String, java.lang.String)[pri:0, instance:com.qa.Finaltest.VtigerGeneric@4bb4de6a]" name="vtigerTest" duration-ms="3587" started-at="2018-04-03T23:19:49Z" data-provider="getData" finished-at="2018-04-03T23:19:53Z">
          <params>
            <param index="0">
              <value>
                <![CDATA[bb]]>
              </value>
            </param>
            <param index="1">
              <value>
                <![CDATA[bb]]>
              </value>
            </param>
          </params>
          <reporter-output>
          </reporter-output>
        </test-method> <!-- vtigerTest -->
        <test-method status="PASS" signature="configAM(org.testng.ITestResult)[pri:0, instance:com.qa.Finaltest.VtigerGeneric@4bb4de6a]" name="configAM" is-config="true" duration-ms="1" started-at="2018-04-03T23:19:53Z" finished-at="2018-04-03T23:19:53Z">
          <params>
            <param index="0">
              <value>
                <![CDATA[[TestResult name=vtigerTest status=SUCCESS method=VtigerGeneric.vtigerTest(java.lang.String, java.lang.String)[pri:0, instance:com.qa.Finaltest.VtigerGeneric@4bb4de6a] output={null}]]]>
              </value>
            </param>
          </params>
          <reporter-output>
          </reporter-output>
        </test-method> <!-- configAM -->
        <test-method status="PASS" signature="configBM()[pri:0, instance:com.qa.Finaltest.VtigerGeneric@4bb4de6a]" name="configBM" is-config="true" duration-ms="1505" started-at="2018-04-03T23:19:53Z" finished-at="2018-04-03T23:19:54Z">
          <reporter-output>
          </reporter-output>
        </test-method> <!-- configBM -->
        <test-method status="PASS" signature="configBM(java.lang.reflect.Method)[pri:0, instance:com.qa.Finaltest.VtigerGeneric@4bb4de6a]" name="configBM" is-config="true" duration-ms="0" started-at="2018-04-03T23:19:54Z" finished-at="2018-04-03T23:19:54Z">
          <params>
            <param index="0">
              <value>
                <![CDATA[public void com.qa.Finaltest.VtigerGeneric.vtigerTest(java.lang.String,java.lang.String)]]>
              </value>
            </param>
          </params>
          <reporter-output>
          </reporter-output>
        </test-method> <!-- configBM -->
        <test-method status="PASS" signature="vtigerTest(java.lang.String, java.lang.String)[pri:0, instance:com.qa.Finaltest.VtigerGeneric@4bb4de6a]" name="vtigerTest" duration-ms="3616" started-at="2018-04-03T23:19:54Z" data-provider="getData" finished-at="2018-04-03T23:19:58Z">
          <params>
            <param index="0">
              <value>
                <![CDATA[cc]]>
              </value>
            </param>
            <param index="1">
              <value>
                <![CDATA[cc]]>
              </value>
            </param>
          </params>
          <reporter-output>
          </reporter-output>
        </test-method> <!-- vtigerTest -->
        <test-method status="PASS" signature="configAM(org.testng.ITestResult)[pri:0, instance:com.qa.Finaltest.VtigerGeneric@4bb4de6a]" name="configAM" is-config="true" duration-ms="1" started-at="2018-04-03T23:19:58Z" finished-at="2018-04-03T23:19:58Z">
          <params>
            <param index="0">
              <value>
                <![CDATA[[TestResult name=vtigerTest status=SUCCESS method=VtigerGeneric.vtigerTest(java.lang.String, java.lang.String)[pri:0, instance:com.qa.Finaltest.VtigerGeneric@4bb4de6a] output={null}]]]>
              </value>
            </param>
          </params>
          <reporter-output>
          </reporter-output>
        </test-method> <!-- configAM -->
        <test-method status="PASS" signature="configBM()[pri:0, instance:com.qa.Finaltest.VtigerGeneric@4bb4de6a]" name="configBM" is-config="true" duration-ms="1556" started-at="2018-04-03T23:19:58Z" finished-at="2018-04-03T23:19:59Z">
          <reporter-output>
          </reporter-output>
        </test-method> <!-- configBM -->
        <test-method status="PASS" signature="configBM(java.lang.reflect.Method)[pri:0, instance:com.qa.Finaltest.VtigerGeneric@4bb4de6a]" name="configBM" is-config="true" duration-ms="1" started-at="2018-04-03T23:19:59Z" finished-at="2018-04-03T23:19:59Z">
          <params>
            <param index="0">
              <value>
                <![CDATA[public void com.qa.Finaltest.VtigerGeneric.vtigerTest(java.lang.String,java.lang.String)]]>
              </value>
            </param>
          </params>
          <reporter-output>
          </reporter-output>
        </test-method> <!-- configBM -->
        <test-method status="PASS" signature="vtigerTest(java.lang.String, java.lang.String)[pri:0, instance:com.qa.Finaltest.VtigerGeneric@4bb4de6a]" name="vtigerTest" duration-ms="3460" started-at="2018-04-03T23:19:59Z" data-provider="getData" finished-at="2018-04-03T23:20:03Z">
          <params>
            <param index="0">
              <value>
                <![CDATA[dd]]>
              </value>
            </param>
            <param index="1">
              <value>
                <![CDATA[dd]]>
              </value>
            </param>
          </params>
          <reporter-output>
          </reporter-output>
        </test-method> <!-- vtigerTest -->
        <test-method status="PASS" signature="configAM(org.testng.ITestResult)[pri:0, instance:com.qa.Finaltest.VtigerGeneric@4bb4de6a]" name="configAM" is-config="true" duration-ms="1" started-at="2018-04-03T23:20:03Z" finished-at="2018-04-03T23:20:03Z">
          <params>
            <param index="0">
              <value>
                <![CDATA[[TestResult name=vtigerTest status=SUCCESS method=VtigerGeneric.vtigerTest(java.lang.String, java.lang.String)[pri:0, instance:com.qa.Finaltest.VtigerGeneric@4bb4de6a] output={null}]]]>
              </value>
            </param>
          </params>
          <reporter-output>
          </reporter-output>
        </test-method> <!-- configAM -->
        <test-method status="PASS" signature="configBM()[pri:0, instance:com.qa.Finaltest.VtigerGeneric@4bb4de6a]" name="configBM" is-config="true" duration-ms="1472" started-at="2018-04-03T23:20:03Z" finished-at="2018-04-03T23:20:04Z">
          <reporter-output>
          </reporter-output>
        </test-method> <!-- configBM -->
        <test-method status="PASS" signature="configBM(java.lang.reflect.Method)[pri:0, instance:com.qa.Finaltest.VtigerGeneric@4bb4de6a]" name="configBM" is-config="true" duration-ms="1" started-at="2018-04-03T23:20:04Z" finished-at="2018-04-03T23:20:04Z">
          <params>
            <param index="0">
              <value>
                <![CDATA[public void com.qa.Finaltest.VtigerGeneric.vtigerTest(java.lang.String,java.lang.String)]]>
              </value>
            </param>
          </params>
          <reporter-output>
          </reporter-output>
        </test-method> <!-- configBM -->
        <test-method status="PASS" signature="vtigerTest(java.lang.String, java.lang.String)[pri:0, instance:com.qa.Finaltest.VtigerGeneric@4bb4de6a]" name="vtigerTest" duration-ms="38776" started-at="2018-04-03T23:20:04Z" data-provider="getData" finished-at="2018-04-03T23:20:43Z">
          <params>
            <param index="0">
              <value>
                <![CDATA[admin]]>
              </value>
            </param>
            <param index="1">
              <value>
                <![CDATA[manager]]>
              </value>
            </param>
          </params>
          <reporter-output>
          </reporter-output>
        </test-method> <!-- vtigerTest -->
        <test-method status="PASS" signature="configAM(org.testng.ITestResult)[pri:0, instance:com.qa.Finaltest.VtigerGeneric@4bb4de6a]" name="configAM" is-config="true" duration-ms="1" started-at="2018-04-03T23:20:43Z" finished-at="2018-04-03T23:20:43Z">
          <params>
            <param index="0">
              <value>
                <![CDATA[[TestResult name=vtigerTest status=SUCCESS method=VtigerGeneric.vtigerTest(java.lang.String, java.lang.String)[pri:0, instance:com.qa.Finaltest.VtigerGeneric@4bb4de6a] output={null}]]]>
              </value>
            </param>
          </params>
          <reporter-output>
          </reporter-output>
        </test-method> <!-- configAM -->
        <test-method status="PASS" signature="configAC()[pri:0, instance:com.qa.Finaltest.VtigerGeneric@4bb4de6a]" name="configAC" is-config="true" duration-ms="62" started-at="2018-04-03T23:20:43Z" finished-at="2018-04-03T23:20:43Z">
          <reporter-output>
          </reporter-output>
        </test-method> <!-- configAC -->
        <test-method status="PASS" signature="endTest()[pri:0, instance:com.qa.Finaltest.VtigerGeneric@4bb4de6a]" name="endTest" is-config="true" duration-ms="239" started-at="2018-04-03T23:20:43Z" finished-at="2018-04-03T23:20:43Z">
          <reporter-output>
          </reporter-output>
        </test-method> <!-- endTest -->
      </class> <!-- com.qa.Finaltest.VtigerGeneric -->
      <class name="com.qa.Finaltest.Test2">
        <test-method status="PASS" signature="configBC()[pri:0, instance:com.qa.Finaltest.Test2@7ba18f1b]" name="configBC" is-config="true" duration-ms="12270" started-at="2018-04-03T23:20:43Z" finished-at="2018-04-03T23:20:56Z">
          <reporter-output>
          </reporter-output>
        </test-method> <!-- configBC -->
        <test-method status="PASS" signature="configBM()[pri:0, instance:com.qa.Finaltest.Test2@7ba18f1b]" name="configBM" is-config="true" duration-ms="4574" started-at="2018-04-03T23:20:56Z" finished-at="2018-04-03T23:21:00Z">
          <reporter-output>
          </reporter-output>
        </test-method> <!-- configBM -->
        <test-method status="PASS" signature="CTest()[pri:0, instance:com.qa.Finaltest.Test2@7ba18f1b]" name="CTest" duration-ms="1" started-at="2018-04-03T23:21:00Z" finished-at="2018-04-03T23:21:00Z">
          <reporter-output>
          </reporter-output>
        </test-method> <!-- CTest -->
        <test-method status="PASS" signature="configBM(java.lang.reflect.Method)[pri:0, instance:com.qa.Finaltest.Test2@7ba18f1b]" name="configBM" is-config="true" duration-ms="0" started-at="2018-04-03T23:21:00Z" finished-at="2018-04-03T23:21:00Z">
          <params>
            <param index="0">
              <value>
                <![CDATA[public void com.qa.Finaltest.Test2.CTest()]]>
              </value>
            </param>
          </params>
          <reporter-output>
          </reporter-output>
        </test-method> <!-- configBM -->
        <test-method status="PASS" signature="configAM(org.testng.ITestResult)[pri:0, instance:com.qa.Finaltest.Test2@7ba18f1b]" name="configAM" is-config="true" duration-ms="0" started-at="2018-04-03T23:21:00Z" finished-at="2018-04-03T23:21:00Z">
          <params>
            <param index="0">
              <value>
                <![CDATA[[TestResult name=CTest status=SUCCESS method=Test2.CTest()[pri:0, instance:com.qa.Finaltest.Test2@7ba18f1b] output={null}]]]>
              </value>
            </param>
          </params>
          <reporter-output>
          </reporter-output>
        </test-method> <!-- configAM -->
        <test-method status="PASS" signature="configBM()[pri:0, instance:com.qa.Finaltest.Test2@7ba18f1b]" name="configBM" is-config="true" duration-ms="1632" started-at="2018-04-03T23:21:00Z" finished-at="2018-04-03T23:21:02Z">
          <reporter-output>
          </reporter-output>
        </test-method> <!-- configBM -->
        <test-method status="PASS" signature="configBM(java.lang.reflect.Method)[pri:0, instance:com.qa.Finaltest.Test2@7ba18f1b]" name="configBM" is-config="true" duration-ms="1" started-at="2018-04-03T23:21:02Z" finished-at="2018-04-03T23:21:02Z">
          <params>
            <param index="0">
              <value>
                <![CDATA[public void com.qa.Finaltest.Test2.DTest()]]>
              </value>
            </param>
          </params>
          <reporter-output>
          </reporter-output>
        </test-method> <!-- configBM -->
        <test-method status="PASS" signature="configAM(org.testng.ITestResult)[pri:0, instance:com.qa.Finaltest.Test2@7ba18f1b]" name="configAM" is-config="true" duration-ms="1" started-at="2018-04-03T23:21:02Z" finished-at="2018-04-03T23:21:02Z">
          <params>
            <param index="0">
              <value>
                <![CDATA[[TestResult name=DTest status=SUCCESS method=Test2.DTest()[pri:0, instance:com.qa.Finaltest.Test2@7ba18f1b] output={null}]]]>
              </value>
            </param>
          </params>
          <reporter-output>
          </reporter-output>
        </test-method> <!-- configAM -->
        <test-method status="PASS" signature="DTest()[pri:0, instance:com.qa.Finaltest.Test2@7ba18f1b]" name="DTest" duration-ms="0" started-at="2018-04-03T23:21:02Z" finished-at="2018-04-03T23:21:02Z">
          <reporter-output>
          </reporter-output>
        </test-method> <!-- DTest -->
        <test-method status="PASS" signature="configAC()[pri:0, instance:com.qa.Finaltest.Test2@7ba18f1b]" name="configAC" is-config="true" duration-ms="56" started-at="2018-04-03T23:21:02Z" finished-at="2018-04-03T23:21:02Z">
          <reporter-output>
          </reporter-output>
        </test-method> <!-- configAC -->
        <test-method status="PASS" signature="endTest()[pri:0, instance:com.qa.Finaltest.Test2@7ba18f1b]" name="endTest" is-config="true" duration-ms="124" started-at="2018-04-03T23:21:02Z" finished-at="2018-04-03T23:21:02Z">
          <reporter-output>
          </reporter-output>
        </test-method> <!-- endTest -->
      </class> <!-- com.qa.Finaltest.Test2 -->
      <class name="com.qa.Finaltest.Test1">
        <test-method status="PASS" signature="configBC()[pri:0, instance:com.qa.Finaltest.Test1@134593bf]" name="configBC" is-config="true" duration-ms="33332" started-at="2018-04-03T23:18:09Z" finished-at="2018-04-03T23:18:42Z">
          <reporter-output>
          </reporter-output>
        </test-method> <!-- configBC -->
        <test-method status="PASS" signature="configBM()[pri:0, instance:com.qa.Finaltest.Test1@134593bf]" name="configBM" is-config="true" duration-ms="29253" started-at="2018-04-03T23:18:42Z" finished-at="2018-04-03T23:19:11Z">
          <reporter-output>
          </reporter-output>
        </test-method> <!-- configBM -->
        <test-method status="PASS" signature="configBM(java.lang.reflect.Method)[pri:0, instance:com.qa.Finaltest.Test1@134593bf]" name="configBM" is-config="true" duration-ms="9" started-at="2018-04-03T23:19:11Z" finished-at="2018-04-03T23:19:11Z">
          <params>
            <param index="0">
              <value>
                <![CDATA[public void com.qa.Finaltest.Test1.ATest()]]>
              </value>
            </param>
          </params>
          <reporter-output>
          </reporter-output>
        </test-method> <!-- configBM -->
        <test-method status="PASS" signature="ATest()[pri:0, instance:com.qa.Finaltest.Test1@134593bf]" name="ATest" duration-ms="3" started-at="2018-04-03T23:19:11Z" finished-at="2018-04-03T23:19:11Z">
          <reporter-output>
          </reporter-output>
        </test-method> <!-- ATest -->
        <test-method status="PASS" signature="configAM(org.testng.ITestResult)[pri:0, instance:com.qa.Finaltest.Test1@134593bf]" name="configAM" is-config="true" duration-ms="1" started-at="2018-04-03T23:19:11Z" finished-at="2018-04-03T23:19:11Z">
          <params>
            <param index="0">
              <value>
                <![CDATA[[TestResult name=ATest status=SUCCESS method=Test1.ATest()[pri:0, instance:com.qa.Finaltest.Test1@134593bf] output={null}]]]>
              </value>
            </param>
          </params>
          <reporter-output>
          </reporter-output>
        </test-method> <!-- configAM -->
        <test-method status="PASS" signature="configBM()[pri:0, instance:com.qa.Finaltest.Test1@134593bf]" name="configBM" is-config="true" duration-ms="2522" started-at="2018-04-03T23:19:11Z" finished-at="2018-04-03T23:19:14Z">
          <reporter-output>
          </reporter-output>
        </test-method> <!-- configBM -->
        <test-method status="PASS" signature="configBM(java.lang.reflect.Method)[pri:0, instance:com.qa.Finaltest.Test1@134593bf]" name="configBM" is-config="true" duration-ms="0" started-at="2018-04-03T23:19:14Z" finished-at="2018-04-03T23:19:14Z">
          <params>
            <param index="0">
              <value>
                <![CDATA[public void com.qa.Finaltest.Test1.BTest()]]>
              </value>
            </param>
          </params>
          <reporter-output>
          </reporter-output>
        </test-method> <!-- configBM -->
        <test-method status="PASS" signature="BTest()[pri:0, instance:com.qa.Finaltest.Test1@134593bf]" name="BTest" duration-ms="1" started-at="2018-04-03T23:19:14Z" finished-at="2018-04-03T23:19:14Z">
          <reporter-output>
          </reporter-output>
        </test-method> <!-- BTest -->
        <test-method status="PASS" signature="configAM(org.testng.ITestResult)[pri:0, instance:com.qa.Finaltest.Test1@134593bf]" name="configAM" is-config="true" duration-ms="0" started-at="2018-04-03T23:19:14Z" finished-at="2018-04-03T23:19:14Z">
          <params>
            <param index="0">
              <value>
                <![CDATA[[TestResult name=BTest status=SUCCESS method=Test1.BTest()[pri:0, instance:com.qa.Finaltest.Test1@134593bf] output={null}]]]>
              </value>
            </param>
          </params>
          <reporter-output>
          </reporter-output>
        </test-method> <!-- configAM -->
        <test-method status="PASS" signature="configAC()[pri:0, instance:com.qa.Finaltest.Test1@134593bf]" name="configAC" is-config="true" duration-ms="50" started-at="2018-04-03T23:19:14Z" finished-at="2018-04-03T23:19:14Z">
          <reporter-output>
          </reporter-output>
        </test-method> <!-- configAC -->
        <test-method status="PASS" signature="endTest()[pri:0, instance:com.qa.Finaltest.Test1@134593bf]" name="endTest" is-config="true" duration-ms="1053" started-at="2018-04-03T23:19:14Z" finished-at="2018-04-03T23:19:15Z">
          <reporter-output>
          </reporter-output>
        </test-method> <!-- endTest -->
      </class> <!-- com.qa.Finaltest.Test1 -->
    </test> <!-- Test -->
  </suite> <!-- Suite -->
</testng-results>
